<?xml version="1.0" encoding="UTF-8"?>
<!-- Generated by org.testng.reporters.JUnitXMLReporter -->
<testsuite hostname="vend-jahanzaib" failures="0" tests="6" name="Login And Logout" time="63.488" errors="0" timestamp="5 Nov 2020 11:38:01 GMT">
  <testcase classname="testCases.LoginTests" name="SampleTestCase" time="4.909"/>
  <testcase classname="testCases.LoginTests" name="Scrolling" time="20.474"/>
  <testcase classname="testCases.LoginTests" name="ListBoxDemo" time="11.675"/>
  <testcase classname="testCases.TrainingSession" name="AlertWindow" time="5.251"/>
  <testcase classname="testCases.TrainingSession" name="Slider" time="7.335"/>
  <testcase classname="testCases.TrainingSession" name="JavaScriptAlert" time="13.796"/>
</testsuite> <!-- Login And Logout -->
